<?xml version="1.0" encoding="UTF-8"?>
<!-- Generated by org.testng.reporters.JUnitXMLReporter -->
<testsuite ignored="10" hostname="DESKTOP-R8FA6O2" failures="0" tests="1" name="Default test" time="0.079" errors="0" timestamp="2024-05-08T17:42:43 IST">
  <testcase classname="Array_Practice_Program.Mindtree" name="test33" time="0.013"/>
  <testcase classname="Array_Practice_Program.Mindtree" name="test14" time="0.0">
    <ignored/>
  </testcase> <!-- test14 -->
  <testcase classname="Array_Practice_Program.Mindtree" name="test3" time="0.0">
    <ignored/>
  </testcase> <!-- test3 -->
  <testcase classname="Array_Practice_Program.Mindtree" name="Palindrome" time="0.0">
    <ignored/>
  </testcase> <!-- Palindrome -->
  <testcase classname="Array_Practice_Program.Mindtree" name="test" time="0.0">
    <ignored/>
  </testcase> <!-- test -->
  <testcase classname="Array_Practice_Program.Mindtree" name="test22" time="0.0">
    <ignored/>
  </testcase> <!-- test22 -->
  <testcase classname="Array_Practice_Program.Mindtree" name="test11" time="0.0">
    <ignored/>
  </testcase> <!-- test11 -->
  <testcase classname="Array_Practice_Program.Mindtree" name="RemoveDuplicatesORUNIQUE" time="0.0">
    <ignored/>
  </testcase> <!-- RemoveDuplicatesORUNIQUE -->
  <testcase classname="Array_Practice_Program.Mindtree" name="test31" time="0.0">
    <ignored/>
  </testcase> <!-- test31 -->
  <testcase classname="Array_Practice_Program.Mindtree" name="test2" time="0.0">
    <ignored/>
  </testcase> <!-- test2 -->
  <testcase classname="Array_Practice_Program.Mindtree" name="test1" time="0.0">
    <ignored/>
  </testcase> <!-- test1 -->
</testsuite> <!-- Default test -->
