<?xml version="1.0" encoding="UTF-8"?>
<!-- Generated by org.testng.reporters.JUnitXMLReporter -->
<testsuite ignored="1" hostname="DESKTOP-R8FA6O2" failures="0" tests="1" name="Default test" time="1.995" errors="0" timestamp="2024-05-15T13:27:32 IST">
  <testcase classname="string_program.Occurence_Of_Char_Using_Collection_If_Not_Print_1" name="test1" time="1.173"/>
  <testcase classname="string_program.Occurence_Of_Char_Using_Collection_If_Not_Print_1" name="test" time="0.0">
    <ignored/>
  </testcase> <!-- test -->
</testsuite> <!-- Default test -->
