<?xml version="1.0" encoding="UTF-8"?>
<testng-results ignored="0" total="1" passed="1" failed="0" skipped="0">
  <reporter-output>
  </reporter-output>
  <suite started-at="2024-04-07T18:03:40 IST" name="Default suite" finished-at="2024-04-07T18:03:40 IST" duration-ms="80">
    <groups>
    </groups>
    <test started-at="2024-04-07T18:03:40 IST" name="Default test" finished-at="2024-04-07T18:03:40 IST" duration-ms="80">
      <class name="Number_Series_programs.Prime_No_In_Array">
        <test-method signature="PrimeInArray()[pri:0, instance:Number_Series_programs.Prime_No_In_Array@694abbdc]" started-at="2024-04-07T18:03:40 IST" name="PrimeInArray" finished-at="2024-04-07T18:03:40 IST" duration-ms="13" status="PASS">
          <reporter-output>
          </reporter-output>
        </test-method> <!-- PrimeInArray -->
      </class> <!-- Number_Series_programs.Prime_No_In_Array -->
    </test> <!-- Default test -->
  </suite> <!-- Default suite -->
</testng-results>
