<?xml version="1.0" encoding="UTF-8"?>
<testng-results ignored="1" total="2" passed="1" failed="0" skipped="0">
  <reporter-output>
  </reporter-output>
  <suite started-at="2024-05-15T13:27:28 IST" name="Default suite" finished-at="2024-05-15T13:27:30 IST" duration-ms="1995">
    <groups>
    </groups>
    <test started-at="2024-05-15T13:27:28 IST" name="Default test" finished-at="2024-05-15T13:27:30 IST" duration-ms="1995">
      <class name="string_program.Occurence_Of_Char_Using_Collection_If_Not_Print_1">
        <test-method signature="test1()[pri:0, instance:string_program.Occurence_Of_Char_Using_Collection_If_Not_Print_1@2e005c4b]" started-at="2024-05-15T13:27:28 IST" name="test1" finished-at="2024-05-15T13:27:30 IST" duration-ms="1173" status="PASS">
          <reporter-output>
          </reporter-output>
        </test-method> <!-- test1 -->
      </class> <!-- string_program.Occurence_Of_Char_Using_Collection_If_Not_Print_1 -->
    </test> <!-- Default test -->
  </suite> <!-- Default suite -->
</testng-results>
